0 info it worked if it ends with ok
1 verbose cli [ 'C:\\Program Files\\nodejs\\node.exe',
1 verbose cli   'C:\\Users\\dxh028\\AppData\\Roaming\\npm\\node_modules\\npm\\bin\\npm-cli.js',
1 verbose cli   'run',
1 verbose cli   'lite' ]
2 info using npm@3.10.2
3 info using node@v4.4.7
4 verbose run-script [ 'prelite', 'lite', 'postlite' ]
5 info lifecycle app02-01@1.0.0~prelite: app02-01@1.0.0
6 silly lifecycle app02-01@1.0.0~prelite: no script for prelite, continuing
7 info lifecycle app02-01@1.0.0~lite: app02-01@1.0.0
8 verbose lifecycle app02-01@1.0.0~lite: unsafe-perm in lifecycle true
9 verbose lifecycle app02-01@1.0.0~lite: PATH: C:\Users\dxh028\AppData\Roaming\npm\node_modules\npm\bin\node-gyp-bin;c:\Users\dxh028\Documents\Angular-2\node_modules\.bin;C:\Program Files\nodejs;C:\Users\dxh028\AppData\Roaming\npm\node_modules\npm\bin\node-gyp-bin;c:\Users\dxh028\Documents\Angular-2\node_modules\.bin;C:\Program Files\nodejs;C:\Program Files\HP_Fortify\HP_Fortify_SCA_and_Apps_4.10\bin;C:\oracle\product\12.1.0\client_1;C:\oracle\product\12.1.0\client_1\bin;C:\windows\system32;C:\windows;C:\windows\System32\Wbem;C:\windows\System32\WindowsPowerShell\v1.0\;C:\windows\System32\WindowsPowerShell\v1.0\;C:\Program Files (x86)\Microsoft ASP.NET\ASP.NET Web Pages\v1.0\;C:\Program Files\Microsoft SQL Server\110\Tools\Binn\;C:\Program Files\Microsoft SQL Server\Client SDK\ODBC\110\Tools\Binn\;C:\Program Files (x86)\Microsoft SQL Server\120\Tools\Binn\ManagementStudio\;C:\Program Files (x86)\Microsoft SQL Server\120\Tools\Binn\;C:\Program Files\Microsoft SQL Server\120\Tools\Binn\;C:\Program Files (x86)\Microsoft SQL Server\120\DTS\Binn\;C:\Program Files\Microsoft SQL Server\120\DTS\Binn\;C:\Program Files (x86)\Gow\bin;C:\Program Files (x86)\Windows Kits\8.1\Windows Performance Toolkit\;C:\Program Files (x86)\IBM\WebSphere MQ\bin64;C:\Program Files (x86)\IBM\WebSphere MQ\bin;C:\Program Files (x86)\IBM\WebSphere MQ\tools\c\samples\bin;C:\xampp\apache\bin;C:\Program Files (x86)\Brackets\command;C:\local\CV\OpenCV\opencv\build\x64\vc14\bin;C:\local\CV\OpenCV\opencv\build\x64\vc14\bin;C:\Program Files\Git\cmd;C:\Program Files\Microsoft SQL Server\130\Tools\Binn\;C:\Program Files\Microsoft\Web Platform Installer\;C:\Program Files\nodejs\;C:\Users\dxh028\.dnx\runtimes\dnx-clr-win-x86.1.0.0-rc1-update2\bin;C:\Users\dxh028\.dnx\bin;C:\Program Files (x86)\Microsoft VS Code\bin;C:\Users\dxh028\AppData\Roaming\npm
10 verbose lifecycle app02-01@1.0.0~lite: CWD: c:\Users\dxh028\Documents\Angular-2
11 silly lifecycle app02-01@1.0.0~lite: Args: [ '/d /s /c', 'lite-server' ]
12 silly lifecycle app02-01@1.0.0~lite: Returned: code: 3221225786  signal: null
13 info lifecycle app02-01@1.0.0~lite: Failed to exec lite script
14 verbose stack Error: app02-01@1.0.0 lite: `lite-server`
14 verbose stack Exit status 3221225786
14 verbose stack     at EventEmitter.<anonymous> (C:\Users\dxh028\AppData\Roaming\npm\node_modules\npm\lib\utils\lifecycle.js:242:16)
14 verbose stack     at emitTwo (events.js:87:13)
14 verbose stack     at EventEmitter.emit (events.js:172:7)
14 verbose stack     at ChildProcess.<anonymous> (C:\Users\dxh028\AppData\Roaming\npm\node_modules\npm\lib\utils\spawn.js:40:14)
14 verbose stack     at emitTwo (events.js:87:13)
14 verbose stack     at ChildProcess.emit (events.js:172:7)
14 verbose stack     at maybeClose (internal/child_process.js:827:16)
14 verbose stack     at Process.ChildProcess._handle.onexit (internal/child_process.js:211:5)
15 verbose pkgid app02-01@1.0.0
16 verbose cwd c:\Users\dxh028\Documents\Angular-2
17 error Windows_NT 6.1.7601
18 error argv "C:\\Program Files\\nodejs\\node.exe" "C:\\Users\\dxh028\\AppData\\Roaming\\npm\\node_modules\\npm\\bin\\npm-cli.js" "run" "lite"
19 error node v4.4.7
20 error npm  v3.10.2
21 error code ELIFECYCLE
22 error app02-01@1.0.0 lite: `lite-server`
22 error Exit status 3221225786
23 error Failed at the app02-01@1.0.0 lite script 'lite-server'.
23 error Make sure you have the latest version of node.js and npm installed.
23 error If you do, this is most likely a problem with the app02-01 package,
23 error not with npm itself.
23 error Tell the author that this fails on your system:
23 error     lite-server
23 error You can get information on how to open an issue for this project with:
23 error     npm bugs app02-01
23 error Or if that isn't available, you can get their info via:
23 error     npm owner ls app02-01
23 error There is likely additional logging output above.
24 verbose exit [ 1, true ]
